[0m07:02:15.585297 [debug] [MainThread]: Sending event: {'category': 'dbt', 'action': 'invocation', 'label': 'start', 'context': [<snowplow_tracker.self_describing_json.SelfDescribingJson object at 0x7f44c8f780a0>, <snowplow_tracker.self_describing_json.SelfDescribingJson object at 0x7f44c734aaf0>, <snowplow_tracker.self_describing_json.SelfDescribingJson object at 0x7f44c734ab80>]}


============================== 07:02:15.589191 | 7959741d-b6eb-4c15-8510-1baca429f0bf ==============================
[0m07:02:15.589191 [info ] [MainThread]: Running with dbt=1.6.1
[0m07:02:15.589951 [debug] [MainThread]: running dbt with arguments {'printer_width': '80', 'indirect_selection': 'eager', 'write_json': 'True', 'log_cache_events': 'False', 'partial_parse': 'True', 'cache_selected_only': 'False', 'profiles_dir': '/home/lucas-mateo/.dbt', 'fail_fast': 'False', 'warn_error': 'None', 'log_path': 'logs', 'version_check': 'True', 'debug': 'False', 'use_colors': 'True', 'use_experimental_parser': 'False', 'no_print': 'None', 'quiet': 'False', 'warn_error_options': 'WarnErrorOptions(include=[], exclude=[])', 'invocation_command': 'dbt init dbt_eg_1', 'static_parser': 'True', 'log_format': 'default', 'target_path': 'None', 'introspect': 'True', 'send_anonymous_usage_stats': 'True'}
[0m07:02:15.590653 [warn ] [MainThread]: [ConfigFolderDirectory]: Unable to parse dict {'dir': PosixPath('/home/lucas-mateo/.dbt')}
[0m07:02:15.591218 [info ] [MainThread]: Creating dbt configuration folder at 
[0m07:02:15.592419 [debug] [MainThread]: Starter project path: /home/lucas-mateo/Desktop/CODE/learn/dbt_eg/venv/lib/python3.8/site-packages/dbt/include/starter_project
[0m07:02:15.595493 [info ] [MainThread]: 
Your new dbt project "dbt_eg_1" was created!

For more information on how to configure the profiles.yml file,
please consult the dbt documentation here:

  https://docs.getdbt.com/docs/configure-your-profile

One more thing:

Need help? Don't hesitate to reach out to us via GitHub issues or on Slack:

  https://community.getdbt.com/

Happy modeling!

[0m07:02:15.596228 [info ] [MainThread]: Setting up your profile.
[0m07:02:22.282664 [info ] [MainThread]: Profile dbt_eg_1 written to /home/lucas-mateo/.dbt/profiles.yml using target's sample configuration. Once updated, you'll be able to start developing with dbt.
[0m07:02:22.288836 [debug] [MainThread]: Command `dbt init` succeeded at 07:02:22.288577 after 6.72 seconds
[0m07:02:22.289445 [debug] [MainThread]: Sending event: {'category': 'dbt', 'action': 'invocation', 'label': 'end', 'context': [<snowplow_tracker.self_describing_json.SelfDescribingJson object at 0x7f44c8f780a0>, <snowplow_tracker.self_describing_json.SelfDescribingJson object at 0x7f44c736cdf0>, <snowplow_tracker.self_describing_json.SelfDescribingJson object at 0x7f44c96a3910>]}
[0m07:02:22.290029 [debug] [MainThread]: Flushing usage events
[0m07:05:43.363644 [debug] [MainThread]: Sending event: {'category': 'dbt', 'action': 'invocation', 'label': 'start', 'context': [<snowplow_tracker.self_describing_json.SelfDescribingJson object at 0x7fa8368fc040>, <snowplow_tracker.self_describing_json.SelfDescribingJson object at 0x7fa834c8fa90>, <snowplow_tracker.self_describing_json.SelfDescribingJson object at 0x7fa834c8fa60>]}


============================== 07:05:43.367838 | 97433457-b361-4473-9cad-16e654bac3a7 ==============================
[0m07:05:43.367838 [info ] [MainThread]: Running with dbt=1.6.1
[0m07:05:43.368564 [debug] [MainThread]: running dbt with arguments {'printer_width': '80', 'indirect_selection': 'eager', 'log_cache_events': 'False', 'write_json': 'True', 'partial_parse': 'True', 'cache_selected_only': 'False', 'warn_error': 'None', 'version_check': 'True', 'fail_fast': 'False', 'log_path': 'logs', 'debug': 'False', 'profiles_dir': './', 'use_colors': 'True', 'use_experimental_parser': 'False', 'no_print': 'None', 'quiet': 'False', 'log_format': 'default', 'invocation_command': 'dbt debug --profiles-dir ./', 'introspect': 'True', 'warn_error_options': 'WarnErrorOptions(include=[], exclude=[])', 'target_path': 'None', 'static_parser': 'True', 'send_anonymous_usage_stats': 'True'}
[0m07:05:43.369253 [info ] [MainThread]: dbt version: 1.6.1
[0m07:05:43.369751 [info ] [MainThread]: python version: 3.8.10
[0m07:05:43.370254 [info ] [MainThread]: python path: /home/lucas-mateo/Desktop/CODE/learn/dbt_eg/venv/bin/python3
[0m07:05:43.370748 [info ] [MainThread]: os info: Linux-5.15.0-79-generic-x86_64-with-glibc2.29
[0m07:05:43.371260 [info ] [MainThread]: Using profiles dir at ./
[0m07:05:43.371805 [info ] [MainThread]: Using profiles.yml file at ./profiles.yml
[0m07:05:43.372287 [info ] [MainThread]: Using dbt_project.yml file at /home/lucas-mateo/Desktop/CODE/learn/dbt_eg/dbt_project.yml
[0m07:05:43.372818 [info ] [MainThread]: Configuration:
[0m07:05:43.373301 [info ] [MainThread]:   profiles.yml file [[31mERROR not found[0m]
[0m07:05:43.373778 [info ] [MainThread]:   dbt_project.yml file [[31mERROR not found[0m]
[0m07:05:43.374275 [info ] [MainThread]: Required dependencies:
[0m07:05:43.374907 [debug] [MainThread]: Executing "git --help"
[0m07:05:43.380440 [debug] [MainThread]: STDOUT: "b"usage: git [--version] [--help] [-C <path>] [-c <name>=<value>]\n           [--exec-path[=<path>]] [--html-path] [--man-path] [--info-path]\n           [-p | --paginate | -P | --no-pager] [--no-replace-objects] [--bare]\n           [--git-dir=<path>] [--work-tree=<path>] [--namespace=<name>]\n           <command> [<args>]\n\nThese are common Git commands used in various situations:\n\nstart a working area (see also: git help tutorial)\n   clone             Clone a repository into a new directory\n   init              Create an empty Git repository or reinitialize an existing one\n\nwork on the current change (see also: git help everyday)\n   add               Add file contents to the index\n   mv                Move or rename a file, a directory, or a symlink\n   restore           Restore working tree files\n   rm                Remove files from the working tree and from the index\n   sparse-checkout   Initialize and modify the sparse-checkout\n\nexamine the history and state (see also: git help revisions)\n   bisect            Use binary search to find the commit that introduced a bug\n   diff              Show changes between commits, commit and working tree, etc\n   grep              Print lines matching a pattern\n   log               Show commit logs\n   show              Show various types of objects\n   status            Show the working tree status\n\ngrow, mark and tweak your common history\n   branch            List, create, or delete branches\n   commit            Record changes to the repository\n   merge             Join two or more development histories together\n   rebase            Reapply commits on top of another base tip\n   reset             Reset current HEAD to the specified state\n   switch            Switch branches\n   tag               Create, list, delete or verify a tag object signed with GPG\n\ncollaborate (see also: git help workflows)\n   fetch             Download objects and refs from another repository\n   pull              Fetch from and integrate with another repository or a local branch\n   push              Update remote refs along with associated objects\n\n'git help -a' and 'git help -g' list available subcommands and some\nconcept guides. See 'git help <command>' or 'git help <concept>'\nto read about a specific subcommand or concept.\nSee 'git help git' for an overview of the system.\n""
[0m07:05:43.421940 [debug] [MainThread]: STDERR: "b''"
[0m07:05:43.422599 [info ] [MainThread]:  - git [[32mOK found[0m]

[0m07:05:43.423247 [info ] [MainThread]: Connection test skipped since no profile was found
[0m07:05:43.423989 [info ] [MainThread]: [31m2 checks failed:[0m
[0m07:05:43.424676 [info ] [MainThread]: dbt looked for a profiles.yml file in ./profiles.yml, but did
not find one. For more information on configuring your profile, consult the
documentation:

https://docs.getdbt.com/docs/configure-your-profile


[0m07:05:43.425435 [info ] [MainThread]: Project loading failed for the following reason:
 project path </home/lucas-mateo/Desktop/CODE/learn/dbt_eg/dbt_project.yml> not found

[0m07:05:43.427181 [debug] [MainThread]: Command `dbt debug` failed at 07:05:43.426881 after 0.07 seconds
[0m07:05:43.428270 [debug] [MainThread]: Sending event: {'category': 'dbt', 'action': 'invocation', 'label': 'end', 'context': [<snowplow_tracker.self_describing_json.SelfDescribingJson object at 0x7fa8368fc040>, <snowplow_tracker.self_describing_json.SelfDescribingJson object at 0x7fa8357feeb0>, <snowplow_tracker.self_describing_json.SelfDescribingJson object at 0x7fa8357fee80>]}
[0m07:05:43.429664 [debug] [MainThread]: Flushing usage events
